<?xml version="1.0" encoding="UTF-8"?>
<testng-results ignored="0" total="1" passed="0" failed="1" skipped="0">
  <reporter-output>
  </reporter-output>
  <suite started-at="2025-01-11T16:35:50 IST" name="Default suite" finished-at="2025-01-11T16:36:03 IST" duration-ms="12374">
    <groups>
    </groups>
    <test started-at="2025-01-11T16:35:50 IST" name="Default test" finished-at="2025-01-11T16:36:03 IST" duration-ms="12374">
      <class name="com.odel.test.WatchesAndSunglassesPageTest">
        <test-method is-config="true" signature="loadConfig()[pri:0, instance:com.odel.test.WatchesAndSunglassesPageTest@443118b0]" started-at="2025-01-11T16:35:50 IST" name="loadConfig" finished-at="2025-01-11T16:35:50 IST" duration-ms="6" status="PASS">
          <reporter-output>
          </reporter-output>
        </test-method> <!-- loadConfig -->
        <test-method is-config="true" signature="setup()[pri:0, instance:com.odel.test.WatchesAndSunglassesPageTest@443118b0]" started-at="2025-01-11T16:35:50 IST" name="setup" finished-at="2025-01-11T16:35:59 IST" duration-ms="8454" status="PASS">
          <reporter-output>
          </reporter-output>
        </test-method> <!-- setup -->
        <test-method is-config="true" signature="setUp()[pri:0, instance:com.odel.test.WatchesAndSunglassesPageTest@443118b0]" started-at="2025-01-11T16:35:59 IST" name="setUp" finished-at="2025-01-11T16:36:02 IST" duration-ms="3233" status="PASS">
          <reporter-output>
          </reporter-output>
        </test-method> <!-- setUp -->
        <test-method signature="verifyWatchesAndSunglassesPageTitleTest()[pri:1, instance:com.odel.test.WatchesAndSunglassesPageTest@443118b0]" started-at="2025-01-11T16:36:02 IST" name="verifyWatchesAndSunglassesPageTitleTest" finished-at="2025-01-11T16:36:02 IST" duration-ms="25" status="FAIL">
          <exception class="java.lang.AssertionError">
            <message>
              <![CDATA[Deals page title not matched expected [Search Page | Odel.lk] but found [ | Odel.lk]]]>
            </message>
            <full-stacktrace>
              <![CDATA[java.lang.AssertionError: Deals page title not matched expected [Search Page | Odel.lk] but found [ | Odel.lk]
at org.testng.Assert.fail(Assert.java:99)
at org.testng.Assert.failNotEquals(Assert.java:1037)
at org.testng.Assert.assertEqualsImpl(Assert.java:140)
at org.testng.Assert.assertEquals(Assert.java:122)
at org.testng.Assert.assertEquals(Assert.java:629)
at com.odel.test.WatchesAndSunglassesPageTest.verifyWatchesAndSunglassesPageTitleTest(WatchesAndSunglassesPageTest.java:26)
at java.base/jdk.internal.reflect.DirectMethodHandleAccessor.invoke(DirectMethodHandleAccessor.java:103)
at java.base/java.lang.reflect.Method.invoke(Method.java:580)
at org.testng.internal.MethodInvocationHelper.invokeMethod(MethodInvocationHelper.java:133)
at org.testng.internal.TestInvoker.invokeMethod(TestInvoker.java:598)
at org.testng.internal.TestInvoker.invokeTestMethod(TestInvoker.java:173)
at org.testng.internal.MethodRunner.runInSequence(MethodRunner.java:46)
at org.testng.internal.TestInvoker$MethodInvocationAgent.invoke(TestInvoker.java:824)
at org.testng.internal.TestInvoker.invokeTestMethods(TestInvoker.java:146)
at org.testng.internal.TestMethodWorker.invokeTestMethods(TestMethodWorker.java:146)
at org.testng.internal.TestMethodWorker.run(TestMethodWorker.java:128)
at java.base/java.util.ArrayList.forEach(ArrayList.java:1597)
at org.testng.TestRunner.privateRun(TestRunner.java:794)
at org.testng.TestRunner.run(TestRunner.java:596)
at org.testng.SuiteRunner.runTest(SuiteRunner.java:377)
at org.testng.SuiteRunner.runSequentially(SuiteRunner.java:371)
at org.testng.SuiteRunner.privateRun(SuiteRunner.java:332)
at org.testng.SuiteRunner.run(SuiteRunner.java:276)
at org.testng.SuiteRunnerWorker.runSuite(SuiteRunnerWorker.java:53)
at org.testng.SuiteRunnerWorker.run(SuiteRunnerWorker.java:96)
at org.testng.TestNG.runSuitesSequentially(TestNG.java:1212)
at org.testng.TestNG.runSuitesLocally(TestNG.java:1134)
at org.testng.TestNG.runSuites(TestNG.java:1063)
at org.testng.TestNG.run(TestNG.java:1031)
at org.testng.remote.AbstractRemoteTestNG.run(AbstractRemoteTestNG.java:115)
at org.testng.remote.RemoteTestNG.initAndRun(RemoteTestNG.java:293)
at org.testng.remote.RemoteTestNG.main(RemoteTestNG.java:91)
]]>
            </full-stacktrace>
          </exception> <!-- java.lang.AssertionError -->
          <reporter-output>
          </reporter-output>
        </test-method> <!-- verifyWatchesAndSunglassesPageTitleTest -->
        <test-method is-config="true" signature="tearDown(org.testng.ITestResult)[pri:0, instance:com.odel.test.WatchesAndSunglassesPageTest@443118b0]" started-at="2025-01-11T16:36:02 IST" name="tearDown" finished-at="2025-01-11T16:36:03 IST" duration-ms="633" status="PASS">
          <params>
            <param index="0">
              <value>
                <![CDATA[[TestResult name=verifyWatchesAndSunglassesPageTitleTest status=FAILURE method=WatchesAndSunglassesPageTest.verifyWatchesAndSunglassesPageTitleTest()[pri:1, instance:com.odel.test.WatchesAndSunglassesPageTest@443118b0] output={null}]]]>
              </value>
            </param>
          </params>
          <reporter-output>
          </reporter-output>
        </test-method> <!-- tearDown -->
      </class> <!-- com.odel.test.WatchesAndSunglassesPageTest -->
    </test> <!-- Default test -->
  </suite> <!-- Default suite -->
</testng-results>
